[2017-12-14T15:52:20.409] [INFO] job - start:test;ID:1513237940409#
[2017-12-14T15:52:20.461] [INFO] job - success:test;ID:1513237940409;Return:test from python
#
[2017-12-14T15:52:20.462] [INFO] job - complete:test;ID:1513237940409#
[2017-12-14T16:02:21.401] [INFO] job - start:test;ID:1513238541401#
[2017-12-14T16:02:21.451] [INFO] job - success:test;ID:1513238541401;Return:test from python
#
[2017-12-14T16:02:21.451] [INFO] job - complete:test;ID:1513238541401#
[2017-12-14T16:12:34.837] [INFO] job - start:test;ID:1513239154837#
[2017-12-14T16:12:34.887] [INFO] job - success:test;ID:1513239154837;Return:test from python
#
[2017-12-14T16:12:34.887] [INFO] job - complete:test;ID:1513239154837#
[2017-12-18T10:01:00.515] [INFO] job - start:HK;ID:1513562460515#
[2017-12-18T10:01:08.104] [INFO] job - success:HK;ID:1513562460515;Return:Top10: 40.
Proportion: 2272.
#
[2017-12-18T10:01:08.104] [INFO] job - complete:HK;ID:1513562460515#
[2017-12-19T08:50:00.688] [INFO] job - start:Monitor;ID:1513644600687#
[2017-12-19T08:50:02.916] [INFO] job - success:Monitor;ID:1513644600687;Return:undefined#
[2017-12-19T08:50:02.917] [INFO] job - complete:Monitor;ID:1513644600687#
[2017-12-19T09:01:00.836] [INFO] job - start:HK;ID:1513645260836#
[2017-12-19T09:02:26.042] [INFO] job - success:HK;ID:1513645260836;Return:undefined#
[2017-12-19T09:02:26.042] [INFO] job - complete:HK;ID:1513645260836#
[2017-12-20T09:01:00.625] [INFO] job - start:HK;ID:1513731660625#
[2017-12-20T09:01:12.844] [INFO] job - success:HK;ID:1513731660625;Return:Top10: 40.
Proportion: 2275.
#
[2017-12-20T09:01:12.844] [INFO] job - complete:HK;ID:1513731660625#
[2017-12-20T14:07:25.705] [INFO] job - start:Monitor;ID:1513750045705#
[2017-12-20T14:07:54.033] [INFO] job - success:Monitor;ID:1513750045705;Return:#
[2017-12-20T14:07:54.033] [INFO] job - complete:Monitor;ID:1513750045705#
[2017-12-20T16:48:00.904] [INFO] job - start:Monitor;ID:1513759680904#
[2017-12-20T16:49:13.006] [INFO] job - success:Monitor;ID:1513759680904;Return:#
[2017-12-20T16:49:13.006] [INFO] job - complete:Monitor;ID:1513759680904#
